# JRE version: Java(TM) SE Runtime Environment (8.0_66-b17) (build 1.8.0_66-b17)
# Java VM: Java HotSpot(TM) 64-Bit Server VM (25.66-b17 mixed mode linux-amd64 compressed oops)
Heap:
 PSYoungGen      total 470528K, used 15275K [0x00000000e0000000, 0x0000000100000000, 0x0000000100000000)
  eden space 416768K, 0% used [0x00000000e0000000,0x00000000e0000000,0x00000000f9700000)
  from space 53760K, 28% used [0x00000000f9700000,0x00000000fa5eacf0,0x00000000fcb80000)
  to   space 53760K, 0% used [0x00000000fcb80000,0x00000000fcb80000,0x0000000100000000)
 ParOldGen       total 161792K, used 161581K [0x00000000a0000000, 0x00000000a9e00000, 0x00000000e0000000)
  object space 161792K, 99% used [0x00000000a0000000,0x00000000a9dcb600,0x00000000a9e00000)
 Metaspace       used 95020K, capacity 95667K, committed 96040K, reserved 1128448K
  class space    used 16456K, capacity 16642K, committed 16680K, reserved 1048576K
GC Heap History (10 events):
Event: 31.592 GC heap after
Heap after GC invocations=16 (full 5):
 PSYoungGen      total 481280K, used 6448K [0x00000000e0000000, 0x0000000100000000, 0x0000000100000000)
  eden space 438272K, 0% used [0x00000000e0000000,0x00000000e0000000,0x00000000fac00000)
  from space 43008K, 14% used [0x00000000fac00000,0x00000000fb24c010,0x00000000fd600000)
  to   space 41984K, 0% used [0x00000000fd700000,0x00000000fd700000,0x0000000100000000)
 ParOldGen       total 135168K, used 69608K [0x00000000a0000000, 0x00000000a8400000, 0x00000000e0000000)
  object space 135168K, 51% used [0x00000000a0000000,0x00000000a43fa178,0x00000000a8400000)
 Metaspace       used 65969K, capacity 66444K, committed 66728K, reserved 1103872K
  class space    used 12248K, capacity 12387K, committed 12456K, reserved 1048576K
}
Event: 32.860 GC heap before
{Heap before GC invocations=17 (full 5):
 PSYoungGen      total 481280K, used 444720K [0x00000000e0000000, 0x0000000100000000, 0x0000000100000000)
  eden space 438272K, 100% used [0x00000000e0000000,0x00000000fac00000,0x00000000fac00000)
  from space 43008K, 14% used [0x00000000fac00000,0x00000000fb24c010,0x00000000fd600000)
  to   space 41984K, 0% used [0x00000000fd700000,0x00000000fd700000,0x0000000100000000)
 ParOldGen       total 135168K, used 69608K [0x00000000a0000000, 0x00000000a8400000, 0x00000000e0000000)
  object space 135168K, 51% used [0x00000000a0000000,0x00000000a43fa178,0x00000000a8400000)
 Metaspace       used 66255K, capacity 66636K, committed 66984K, reserved 1103872K
  class space    used 12248K, capacity 12387K, committed 12456K, reserved 1048576K
Event: 32.925 GC heap after
Heap after GC invocations=17 (full 5):
 PSYoungGen      total 477184K, used 5908K [0x00000000e0000000, 0x00000000ffc00000, 0x0000000100000000)
  eden space 439296K, 0% used [0x00000000e0000000,0x00000000e0000000,0x00000000fad00000)
  from space 37888K, 15% used [0x00000000fd700000,0x00000000fdcc51e8,0x00000000ffc00000)
  to   space 40448K, 0% used [0x00000000fad00000,0x00000000fad00000,0x00000000fd480000)
 ParOldGen       total 135168K, used 74338K [0x00000000a0000000, 0x00000000a8400000, 0x00000000e0000000)
  object space 135168K, 54% used [0x00000000a0000000,0x00000000a4898b78,0x00000000a8400000)
 Metaspace       used 66255K, capacity 66636K, committed 66984K, reserved 1103872K
  class space    used 12248K, capacity 12387K, committed 12456K, reserved 1048576K
}
Event: 33.624 GC heap before
{Heap before GC invocations=18 (full 5):
 PSYoungGen      total 477184K, used 445204K [0x00000000e0000000, 0x00000000ffc00000, 0x0000000100000000)
  eden space 439296K, 100% used [0x00000000e0000000,0x00000000fad00000,0x00000000fad00000)
  from space 37888K, 15% used [0x00000000fd700000,0x00000000fdcc51e8,0x00000000ffc00000)
  to   space 40448K, 0% used [0x00000000fad00000,0x00000000fad00000,0x00000000fd480000)
 ParOldGen       total 135168K, used 74338K [0x00000000a0000000, 0x00000000a8400000, 0x00000000e0000000)
  object space 135168K, 54% used [0x00000000a0000000,0x00000000a4898b78,0x00000000a8400000)
 Metaspace       used 66275K, capacity 66700K, committed 66984K, reserved 1103872K
  class space    used 12250K, capacity 12387K, committed 12456K, reserved 1048576K
Event: 33.645 GC heap after
Heap after GC invocations=18 (full 5):
 PSYoungGen      total 479744K, used 4160K [0x00000000e0000000, 0x0000000100000000, 0x0000000100000000)
  eden space 439296K, 0% used [0x00000000e0000000,0x00000000e0000000,0x00000000fad00000)
  from space 40448K, 10% used [0x00000000fad00000,0x00000000fb110000,0x00000000fd480000)
  to   space 39424K, 0% used [0x00000000fd980000,0x00000000fd980000,0x0000000100000000)
 ParOldGen       total 135168K, used 78575K [0x00000000a0000000, 0x00000000a8400000, 0x00000000e0000000)
  object space 135168K, 58% used [0x00000000a0000000,0x00000000a4cbbd08,0x00000000a8400000)
 Metaspace       used 66275K, capacity 66700K, committed 66984K, reserved 1103872K
  class space    used 12250K, capacity 12387K, committed 12456K, reserved 1048576K
}
Event: 40.086 GC heap before
{Heap before GC invocations=19 (full 5):
 PSYoungGen      total 479744K, used 443456K [0x00000000e0000000, 0x0000000100000000, 0x0000000100000000)
  eden space 439296K, 100% used [0x00000000e0000000,0x00000000fad00000,0x00000000fad00000)
  from space 40448K, 10% used [0x00000000fad00000,0x00000000fb110000,0x00000000fd480000)
  to   space 39424K, 0% used [0x00000000fd980000,0x00000000fd980000,0x0000000100000000)
 ParOldGen       total 135168K, used 78575K [0x00000000a0000000, 0x00000000a8400000, 0x00000000e0000000)
  object space 135168K, 58% used [0x00000000a0000000,0x00000000a4cbbd08,0x00000000a8400000)
 Metaspace       used 78838K, capacity 79446K, committed 79784K, reserved 1114112K
  class space    used 14529K, capacity 14712K, committed 14760K, reserved 1048576K
Event: 40.223 GC heap after
Heap after GC invocations=19 (full 5):
 PSYoungGen      total 456192K, used 39401K [0x00000000e0000000, 0x0000000100000000, 0x0000000100000000)
  eden space 416768K, 0% used [0x00000000e0000000,0x00000000e0000000,0x00000000f9700000)
  from space 39424K, 99% used [0x00000000fd980000,0x00000000ffffa658,0x0000000100000000)
  to   space 53760K, 0% used [0x00000000f9700000,0x00000000f9700000,0x00000000fcb80000)
 ParOldGen       total 135168K, used 97861K [0x00000000a0000000, 0x00000000a8400000, 0x00000000e0000000)
  object space 135168K, 72% used [0x00000000a0000000,0x00000000a5f914e8,0x00000000a8400000)
 Metaspace       used 78838K, capacity 79446K, committed 79784K, reserved 1114112K
  class space    used 14529K, capacity 14712K, committed 14760K, reserved 1048576K
}
Event: 96.967 GC heap before
{Heap before GC invocations=20 (full 5):
 PSYoungGen      total 456192K, used 456169K [0x00000000e0000000, 0x0000000100000000, 0x0000000100000000)
  eden space 416768K, 100% used [0x00000000e0000000,0x00000000f9700000,0x00000000f9700000)
  from space 39424K, 99% used [0x00000000fd980000,0x00000000ffffa658,0x0000000100000000)
  to   space 53760K, 0% used [0x00000000f9700000,0x00000000f9700000,0x00000000fcb80000)
 ParOldGen       total 135168K, used 97861K [0x00000000a0000000, 0x00000000a8400000, 0x00000000e0000000)
  object space 135168K, 72% used [0x00000000a0000000,0x00000000a5f914e8,0x00000000a8400000)
 Metaspace       used 95020K, capacity 95667K, committed 96040K, reserved 1128448K
  class space    used 16456K, capacity 16642K, committed 16680K, reserved 1048576K
Event: 98.300 GC heap after
Heap after GC invocations=20 (full 5):
 PSYoungGen      total 470528K, used 53757K [0x00000000e0000000, 0x0000000100000000, 0x0000000100000000)
  eden space 416768K, 0% used [0x00000000e0000000,0x00000000e0000000,0x00000000f9700000)
  from space 53760K, 99% used [0x00000000f9700000,0x00000000fcb7f740,0x00000000fcb80000)
  to   space 53760K, 0% used [0x00000000fcb80000,0x00000000fcb80000,0x0000000100000000)
 ParOldGen       total 161792K, used 161280K [0x00000000a0000000, 0x00000000a9e00000, 0x00000000e0000000)
  object space 161792K, 99% used [0x00000000a0000000,0x00000000a9d80260,0x00000000a9e00000)
 Metaspace       used 95020K, capacity 95667K, committed 96040K, reserved 1128448K
  class space    used 16456K, capacity 16642K, committed 16680K, reserved 1048576K
}
Event: 98.321 GC heap before
{Heap before GC invocations=21 (full 6):
 PSYoungGen      total 470528K, used 53757K [0x00000000e0000000, 0x0000000100000000, 0x0000000100000000)
  eden space 416768K, 0% used [0x00000000e0000000,0x00000000e0000000,0x00000000f9700000)
  from space 53760K, 99% used [0x00000000f9700000,0x00000000fcb7f740,0x00000000fcb80000)
  to   space 53760K, 0% used [0x00000000fcb80000,0x00000000fcb80000,0x0000000100000000)
 ParOldGen       total 161792K, used 161280K [0x00000000a0000000, 0x00000000a9e00000, 0x00000000e0000000)
  object space 161792K, 99% used [0x00000000a0000000,0x00000000a9d80260,0x00000000a9e00000)
 Metaspace       used 95020K, capacity 95667K, committed 96040K, reserved 1128448K
  class space    used 16456K, capacity 16642K, committed 16680K, reserved 1048576K

